<?xml version="1.0" encoding="UTF-8"?>
<testng-results ignored="0" total="10" passed="10" failed="0" skipped="0">
  <reporter-output>
  </reporter-output>
  <suite started-at="2024-05-07T16:45:14 IST" name="Suite" finished-at="2024-05-07T16:46:33 IST" duration-ms="79514">
    <groups>
    </groups>
    <test started-at="2024-05-07T16:45:14 IST" name="TestonChrome" finished-at="2024-05-07T16:46:32 IST" duration-ms="78470">
      <class name="testCases.TestBeCognizant">
        <test-method is-config="true" signature="setUp(java.lang.String,java.lang.String)[pri:0, instance:testCases.TestBeCognizant@2767e23c]" started-at="2024-05-07T16:45:14 IST" name="setUp" finished-at="2024-05-07T16:45:24 IST" duration-ms="10557" status="PASS">
          <params>
            <param index="0">
              <value>
                <![CDATA[chrome]]>
              </value>
            </param>
            <param index="1">
              <value>
                <![CDATA[https://be.cognizant.com]]>
              </value>
            </param>
          </params>
          <reporter-output>
          </reporter-output>
        </test-method> <!-- setUp -->
        <test-method signature="testUser()[pri:1, instance:testCases.TestBeCognizant@2767e23c]" started-at="2024-05-07T16:45:24 IST" name="testUser" finished-at="2024-05-07T16:45:31 IST" duration-ms="6648" status="PASS">
          <reporter-output>
          </reporter-output>
        </test-method> <!-- testUser -->
        <test-method signature="testUserDetails()[pri:2, instance:testCases.TestBeCognizant@2767e23c]" started-at="2024-05-07T16:45:31 IST" name="testUserDetails" finished-at="2024-05-07T16:45:37 IST" depends-on-methods="testCases.TestBeCognizant.testUser" duration-ms="5459" status="PASS">
          <reporter-output>
          </reporter-output>
        </test-method> <!-- testUserDetails -->
        <test-method signature="AroundCognizant()[pri:3, instance:testCases.TestBeCognizant@2767e23c]" started-at="2024-05-07T16:45:37 IST" name="AroundCognizant" finished-at="2024-05-07T16:45:39 IST" depends-on-methods="testCases.TestBeCognizant.testUserDetails" duration-ms="2845" status="PASS">
          <reporter-output>
          </reporter-output>
        </test-method> <!-- AroundCognizant -->
        <test-method signature="seeAllNaviagtion()[pri:4, instance:testCases.TestBeCognizant@2767e23c]" started-at="2024-05-07T16:45:39 IST" name="seeAllNaviagtion" finished-at="2024-05-07T16:45:41 IST" duration-ms="1757" status="PASS">
          <reporter-output>
          </reporter-output>
        </test-method> <!-- seeAllNaviagtion -->
        <test-method signature="seeAllNewsHeader()[pri:5, instance:testCases.TestBeCognizant@2767e23c]" started-at="2024-05-07T16:45:41 IST" name="seeAllNewsHeader" finished-at="2024-05-07T16:46:24 IST" duration-ms="42741" status="PASS">
          <reporter-output>
          </reporter-output>
        </test-method> <!-- seeAllNewsHeader -->
        <test-method is-config="true" signature="tearDown()[pri:0, instance:testCases.TestBeCognizant@2767e23c]" started-at="2024-05-07T16:46:24 IST" name="tearDown" finished-at="2024-05-07T16:46:32 IST" duration-ms="8054" status="PASS">
          <reporter-output>
          </reporter-output>
        </test-method> <!-- tearDown -->
      </class> <!-- testCases.TestBeCognizant -->
    </test> <!-- TestonChrome -->
    <test started-at="2024-05-07T16:45:14 IST" name="TestonEdge" finished-at="2024-05-07T16:46:33 IST" duration-ms="79514">
      <class name="testCases.TestBeCognizant">
        <test-method is-config="true" signature="setUp(java.lang.String,java.lang.String)[pri:0, instance:testCases.TestBeCognizant@239a307b]" started-at="2024-05-07T16:45:14 IST" name="setUp" finished-at="2024-05-07T16:45:24 IST" duration-ms="10077" status="PASS">
          <params>
            <param index="0">
              <value>
                <![CDATA[edge]]>
              </value>
            </param>
            <param index="1">
              <value>
                <![CDATA[https://be.cognizant.com]]>
              </value>
            </param>
          </params>
          <reporter-output>
          </reporter-output>
        </test-method> <!-- setUp -->
        <test-method signature="testUser()[pri:1, instance:testCases.TestBeCognizant@239a307b]" started-at="2024-05-07T16:45:24 IST" name="testUser" finished-at="2024-05-07T16:45:30 IST" duration-ms="6258" status="PASS">
          <reporter-output>
          </reporter-output>
        </test-method> <!-- testUser -->
        <test-method signature="testUserDetails()[pri:2, instance:testCases.TestBeCognizant@239a307b]" started-at="2024-05-07T16:45:30 IST" name="testUserDetails" finished-at="2024-05-07T16:45:36 IST" depends-on-methods="testCases.TestBeCognizant.testUser" duration-ms="5520" status="PASS">
          <reporter-output>
          </reporter-output>
        </test-method> <!-- testUserDetails -->
        <test-method signature="AroundCognizant()[pri:3, instance:testCases.TestBeCognizant@239a307b]" started-at="2024-05-07T16:45:36 IST" name="AroundCognizant" finished-at="2024-05-07T16:45:39 IST" depends-on-methods="testCases.TestBeCognizant.testUserDetails" duration-ms="2826" status="PASS">
          <reporter-output>
          </reporter-output>
        </test-method> <!-- AroundCognizant -->
        <test-method signature="seeAllNaviagtion()[pri:4, instance:testCases.TestBeCognizant@239a307b]" started-at="2024-05-07T16:45:39 IST" name="seeAllNaviagtion" finished-at="2024-05-07T16:45:41 IST" duration-ms="2454" status="PASS">
          <reporter-output>
          </reporter-output>
        </test-method> <!-- seeAllNaviagtion -->
        <test-method signature="seeAllNewsHeader()[pri:5, instance:testCases.TestBeCognizant@239a307b]" started-at="2024-05-07T16:45:41 IST" name="seeAllNewsHeader" finished-at="2024-05-07T16:46:25 IST" duration-ms="43575" status="PASS">
          <reporter-output>
          </reporter-output>
        </test-method> <!-- seeAllNewsHeader -->
        <test-method is-config="true" signature="tearDown()[pri:0, instance:testCases.TestBeCognizant@239a307b]" started-at="2024-05-07T16:46:25 IST" name="tearDown" finished-at="2024-05-07T16:46:33 IST" duration-ms="8356" status="PASS">
          <reporter-output>
          </reporter-output>
        </test-method> <!-- tearDown -->
      </class> <!-- testCases.TestBeCognizant -->
    </test> <!-- TestonEdge -->
  </suite> <!-- Suite -->
</testng-results>
