<?xml version="1.0" encoding="UTF-8"?>
<!-- Generated by org.testng.reporters.JUnitXMLReporter -->
<testsuite ignored="0" hostname="LTIN513657" failures="0" tests="5" name="TestonEdge" time="79.514" errors="0" timestamp="2024-05-07T16:46:33 IST">
  <testcase classname="testCases.TestBeCognizant" name="testUser" time="6.258"/>
  <testcase classname="testCases.TestBeCognizant" name="testUserDetails" time="5.52"/>
  <testcase classname="testCases.TestBeCognizant" name="AroundCognizant" time="2.826"/>
  <testcase classname="testCases.TestBeCognizant" name="seeAllNaviagtion" time="2.454"/>
  <testcase classname="testCases.TestBeCognizant" name="seeAllNewsHeader" time="43.575"/>
</testsuite> <!-- TestonEdge -->
