<?xml version="1.0" encoding="UTF-8"?>
<!-- Generated by org.testng.reporters.JUnitXMLReporter -->
<testsuite ignored="0" hostname="LTIN513657" failures="0" tests="5" name="TestonChrome" time="78.47" errors="0" timestamp="2024-05-07T16:46:32 IST">
  <testcase classname="testCases.TestBeCognizant" name="testUser" time="6.648"/>
  <testcase classname="testCases.TestBeCognizant" name="testUserDetails" time="5.459"/>
  <testcase classname="testCases.TestBeCognizant" name="AroundCognizant" time="2.845"/>
  <testcase classname="testCases.TestBeCognizant" name="seeAllNaviagtion" time="1.757"/>
  <testcase classname="testCases.TestBeCognizant" name="seeAllNewsHeader" time="42.741"/>
</testsuite> <!-- TestonChrome -->
